<?xml version="1.0" encoding="UTF-8"?>
<testng-results skipped="0" failed="0" total="1" passed="1">
  <reporter-output>
  </reporter-output>
  <suite name="Default suite" duration-ms="74215" started-at="2017-11-24T09:56:04Z" finished-at="2017-11-24T09:57:18Z">
    <groups>
    </groups>
    <test name="Default test" duration-ms="74215" started-at="2017-11-24T09:56:04Z" finished-at="2017-11-24T09:57:18Z">
      <class name="plexus.reg.RegTest_13">
        <test-method status="PASS" signature="LaunchBrowser()[pri:0, instance:plexus.reg.RegTest_13@68c4039c]" name="LaunchBrowser" is-config="true" duration-ms="22416" started-at="2017-11-24T15:56:04Z" finished-at="2017-11-24T15:56:27Z">
          <reporter-output>
          </reporter-output>
        </test-method> <!-- LaunchBrowser -->
        <test-method status="PASS" signature="RegTest13()[pri:0, instance:plexus.reg.RegTest_13@68c4039c]" name="RegTest13" duration-ms="51781" started-at="2017-11-24T15:56:27Z" finished-at="2017-11-24T15:57:18Z">
          <reporter-output>
          </reporter-output>
        </test-method> <!-- RegTest13 -->
      </class> <!-- plexus.reg.RegTest_13 -->
    </test> <!-- Default test -->
  </suite> <!-- Default suite -->
</testng-results>
